211c7e4 include header file changes and commit data summary script
570c1a8 include header file changes and commit data summary script
dbc21a3 rework first argument (variable name) to throw correct errors for quotations within the argument name
00234c3 Add setenv usage statement returned for -h flag
5af91c4 Make quotation marks in setenv variable name either unclosed or non-alphanumeric error and require variables to start with alphabetical characters"
666e536 throw error if var name not start with alpha char or _
744a386 Return error message if illegal characters found in setenv variable name
e62d1c0 Merge branch 'cd-bug-fix'
6836996 correct the 'cd' standalone bug- prevent /usr/local/bin:/usr/bin:/bin:/usr/sbin:/sbin erasure
0ecd219 Merge branch 'cd-bug-fix', fixes buggy behavior when performing "cd .. "
7e05f51 prevent . and .. from being recognized as commands and remove extraneous function clear_envh
204df74 repair cd '.. ' error, rewrite cd built in
1966494 make single ~ expand when there are multiple consecutive ~.
4013aca make echo ~~ ~ still detect expansion
eb41d24 make double tilde non-expanding
3ccff5d makefile updated to include clang compiler
9483b2f Update README.md
576fcd9 Merge branch 'clear_screen' make screen clear at boot
13aefbc change to null pointer
cac75ab add function to clear terminal at launch
1645652 change getnextline null pointer
e668cff Update README.md
29353b7 Update README.md
b798fde Update README.md
3a5a130 Update README.md
4945432 Update README.md
2ed5c52 Update README.md
5bffd80 Update README.md
35847a2 write up
7b2d88d leaks fixed. Basic completion.
76d2152 updated readme and deleted branch
76c11e1 Merge branch 'env_built_ins'
3993ce2 env functions working nicely. Most leaks gone
d456102 update
a9b8ffb moving along
ccd1c94 status update
923d40d getting close
70f9c0f working on finishing the env built-ins
67d2e97 checks for path and forks + executes
4f24438 checks for path and forks + executes
617f9fc expansions working :)
5034783 new structure for environmental variables
c24cb39 cd done and started expansions
ebcd69b fully working echo :)
86f0c71 removed .o
12a4f19 formatted project structure
8812f5d update gitignore
2f0992f developing built in echo
0e4e6b5 readme
87d6659 readme
feb75e0 readme
86bed18 readme
e585940 readme
992644b readme
5c92364 README
8512203 README
dbae2d5 First commit\!
