eeca455 COMMIT #143
8120644 COMMIT #142
0b51593 COMMIT #141
217f4e2 COMMIT #140
78e8863 Update README.md
cabc5c8 Update README.md
95bdcd7 Update README.md
ca5612d Update README.md
434d1ee COMMIT #135
a979056 COMMIT #134
cf6994a COMMIT #133
8615ebf COMMIT #132
d236cec COMMIT #131
3e0aeac COMMIT #130
493bcd5 COMMIT #129
1f548da COMMIT #128
06bbc88 COMMIT #127
a0759ef COMMIT #126
c20f00d COMMIT #125
33be4df COMMIT #124
ebd4289 COMMIT #123
b985eab COMMIT #122
d5f1f30 COMMIT #121
ee788b0 COMMIT #120
a3de6ce COMMIT #119
7a695b3 COMMIT #118
99859ca COMMIT #117
6ee7840 COMMIT #116
dc392ac COMMIT #115
261f7a7 COMMIT #114
03d9e2c COMMIT #113
15da1b5 COMMIT #112
0270902 COMMIT #111
12f6144 COMMIT #110
ae607d7 COMMIT #109
e9440ac COMMIT #108
7bb7e36 COMMIT #107
833f718 COMMIT #106
549acc3 COMMIT #105
3ee0936 COMMIT #104
6e47dfd COMMIT #103
ae61813 COMMIT #102
4332f7e COMMIT #101
cd4a92c COMMIT #100
9285276 COMMIT #99
c7e4fa3 COMMIT #98
9f95a27 COMMIT #97
5ebd2e7 COMMIT #96
81c498a COMMIT #95
b6ded8e COMMIT #94
3b49c72 COMMIT #93
8f2eacc COMMIT #92
86d439e COMMIT #91
1fad55c COMMIT #90
dfe634c COMMIT #89
d5dd832 COMMIT #88
f60bc1e update graphing cutoffs
54adec7 COMMIT #86
27116c3 fix readme graph
5c8bf48 Create directory for commit_tracker_project, summarize and plot some data for all tracked commits
6f7b0ee COMMIT #83
853b357 COMMIT #82
1d6a708 Correct commit number calculation. Still complicated by cases when there are multiple unmerged branches.
7d86ee5 COMMIT #80
0df2d98 save
2acd626 COMMIT #78
410bf82 COMMIT #77
6a9e7ac COMMIT #76
b16d46e COMMIT #75
bf09805 COMMIT #74
b6173d3 COMMIT #73
5a3a4fd COMMIT #72
97f3e0a COMMIT #71
d6d6da6 COMMIT #70
e915b07 COMMIT #69
580c35f COMMIT #68
a943a00 COMMIT #67
272c1bb COMMIT #66
598f9f0 test
1d2ff15 COMMIT #63
5b47d94 COMMIT #63
8220857 COMMIT #62
34fef58 COMMIT #61
22d44ac COMMIT # Local Changes
7e6fa11 COMMIT #59
8984aaa COMMIT #58
e02bffb COMMIT #57
dcaed0f COMMIT #56
adc8009 COMMIT #55
b8bb846 COMMIT #54
595cd62 COMMIT #53
985751e COMMIT #52
6eb9901 COMMIT #51
20f6e2c COMMIT # Local Changes
833e6cd COMMIT #49
72e0364 COMMIT #48
04148f9 Merge branch 'master' of https://github.com/pierremigeon/commit_tracker
281413d COMMIT #45
7c64832 Update README.md
109eb98 COMMIT #44
7765d4a COMMIT #43
55c9001 COMMIT #42
43561de COMMIT #41
9f3327d COMMIT # Local Changes
036c496 COMMIT #39
8f60f19 COMMIT #38
c7ff669 COMMIT #37
dade811 COMMIT #36
02c9597 COMMIT #35
6c4b425 COMMIT #34
30494e9 test
b7a876b COMMIT #32
67512be COMMIT #31
f4070e3 COMMIT #
0844f9a COMMIT #29
44255ce COMMIT #28
b6d8eac COMMIT #27
abc22d8 COMMIT #26
fd92acd COMMIT #25
370ec95 COMMIT #24
db76d20 COMMIT #23
0660b79 COMMIT #22
f6098aa COMMIT #21
f231f05 COMMIT #
b2c6e4a COMMIT #19
4179c1b COMMIT #18
903cea3 COMMIT #17
b931d89 COMMIT #16
96cd3dc COMMIT #15
aae8a80 COMMIT #14
43e25f4 COMMIT #12
32976ec COMMIT #11
b23b1c9 COMMIT #10
442c928 COMMIT #
a7fe199 COMMIT #9
61c5a6c Merge branch 'master' of https://github.com/pierremigeon/commit_tracker
9f349cc COMMIT #6
cf1eec9 COMMIT #5
f708007 Update README.md
0253d66 COMMIT #4
341af12 COMMIT #3
7aa863d COMMIT #2
12c6e0d COMMIT #1
1bad07a first commit
