fc54e71 edit readme
073ae7e add get_next_line.c
cd19aad add putstrl, putstrnl, strjoinfree, and strnewchar functions originating in ft_printf
a156698 Update README.md with technical details
c96ac10 edit readme
bb36c92 add image to README.md
424dc93 Update README and move everything to ./libft
a44f2be remove swap files for ft_atoi.c
3284783 final
5375d1c final
8153b57 near final
3374dfc most recent
82238b1 friday
1e3bd2c near complete
0905f2a recent
d8277fd strsplit
1cd66c9 3/25
400f938 close to done
ee8c822 saturday work
7431817 few more
986243a few more
f153228 added two
9d31baa fix strcpy strncpy
ef98e2f fixed strstr & strnstr bug
cc787cc fixed strstr & strnstr bug
11cbb8e strncmp and strstr
60b2247 some mems
79e99b6 unsigned char in strcmp
7cd87aa first commit
0d6efd2 Initial commit
